<?xml version="1.0" encoding="UTF-8"?>
<!-- Generated by org.testng.reporters.JUnitReportReporter -->
<testsuite hostname="vadim.ospd.net" failures="0" tests="1" name="tests.checkfilteredcars.CheckFilteredTest" time="13.666" errors="0" timestamp="2022-11-04T21:30:20 VLAT" skipped="0">
  <testcase classname="tests.checkfilteredcars.CheckFilteredTest" name="checkCars" time="13.666"/>
  <system-out/>
</testsuite> <!-- tests.checkfilteredcars.CheckFilteredTest -->
