<?xml version="1.0" encoding="UTF-8"?>
<!-- Generated by org.testng.reporters.JUnitReportReporter -->
<testsuite hostname="MacBook-Pro-Alisa.local" failures="0" tests="1" name="tests.addtofav.AddToFavouriteTest" time="11.422" errors="0" timestamp="2022-11-05T12:33:01 VLAT" skipped="0">
  <testcase classname="tests.addtofav.AddToFavouriteTest" name="checkAddingÐ¡arToFavourite" time="11.422"/>
  <system-out/>
</testsuite> <!-- tests.addtofav.AddToFavouriteTest -->
