<?xml version="1.0" encoding="UTF-8"?>
<!-- Generated by org.testng.reporters.JUnitReportReporter -->
<testsuite hostname="MacBook-Pro-Alisa.local" failures="0" tests="1" name="tests.addtofav.AddToFavouriteTest" time="12.973" errors="0" timestamp="2022-11-05T12:47:40 VLAT" skipped="0">
  <testcase classname="tests.addtofav.AddToFavouriteTest" name="checkAddingÐ¡arToFavourite" time="12.973"/>
  <system-out/>
</testsuite> <!-- tests.addtofav.AddToFavouriteTest -->
