<?xml version="1.0" encoding="UTF-8"?>
<!-- Generated by org.testng.reporters.JUnitReportReporter -->
<testsuite hostname="vadim.ospd.net" failures="0" tests="1" name="tests.addtofav.AddToFavouriteTest" time="6.193" errors="0" timestamp="2022-11-04T21:30:20 VLAT" skipped="0">
  <testcase classname="tests.addtofav.AddToFavouriteTest" name="checkAddingÐ¡arToFavourite" time="6.193"/>
  <system-out/>
</testsuite> <!-- tests.addtofav.AddToFavouriteTest -->
