<?xml version="1.0" encoding="UTF-8"?>
<!-- Generated by org.testng.reporters.JUnitReportReporter -->
<testsuite hostname="MacBook-Pro-Alisa.local" failures="0" tests="1" name="tests.checkfilteredcars.CheckFilteredTest" time="17.734" errors="0" timestamp="2022-11-05T12:33:01 VLAT" skipped="0">
  <testcase classname="tests.checkfilteredcars.CheckFilteredTest" name="checkCars" time="17.734"/>
  <system-out/>
</testsuite> <!-- tests.checkfilteredcars.CheckFilteredTest -->
