<?xml version="1.0" encoding="UTF-8"?>
<!-- Generated by org.testng.reporters.JUnitReportReporter -->
<testsuite hostname="MacBook-Pro-Alisa.local" failures="0" tests="1" name="tests.printdata.PrintDataTest" time="7.081" errors="0" timestamp="2022-11-05T12:47:40 VLAT" skipped="0">
  <testcase classname="tests.printdata.PrintDataTest" name="printDropdownContent" time="7.081"/>
  <system-out/>
</testsuite> <!-- tests.printdata.PrintDataTest -->
