<?xml version="1.0" encoding="UTF-8"?>
<!-- Generated by org.testng.reporters.JUnitReportReporter -->
<testsuite hostname="MacBook-Pro-Alisa.local" failures="0" tests="1" name="tests.checkfilteredcars.CheckFilteredTest" time="18.312" errors="0" timestamp="2022-11-05T12:47:40 VLAT" skipped="0">
  <testcase classname="tests.checkfilteredcars.CheckFilteredTest" name="checkCars" time="18.312"/>
  <system-out/>
</testsuite> <!-- tests.checkfilteredcars.CheckFilteredTest -->
