<?xml version="1.0" encoding="UTF-8"?>
<!-- Generated by org.testng.reporters.JUnitReportReporter -->
<testsuite hostname="vadim.ospd.net" failures="0" tests="1" name="tests.printdata.PrintDataTest" time="4.065" errors="0" timestamp="2022-11-04T21:30:20 VLAT" skipped="0">
  <testcase classname="tests.printdata.PrintDataTest" name="printDropdownContent" time="4.065"/>
  <system-out/>
</testsuite> <!-- tests.printdata.PrintDataTest -->
